        -:    0:Source:send_unsuback.c
        -:    0:Graph:send_unsuback.gcno
        -:    0:Data:-
        -:    0:Runs:0
        -:    0:Programs:0
        -:    1:/*
        -:    2:Copyright (c) 2009-2020 Roger Light <roger@atchoo.org>
        -:    3:
        -:    4:All rights reserved. This program and the accompanying materials
        -:    5:are made available under the terms of the Eclipse Public License v1.0
        -:    6:and Eclipse Distribution License v1.0 which accompany this distribution.
        -:    7:
        -:    8:The Eclipse Public License is available at
        -:    9:   http://www.eclipse.org/legal/epl-v10.html
        -:   10:and the Eclipse Distribution License is available at
        -:   11:  http://www.eclipse.org/org/documents/edl-v10.php.
        -:   12:
        -:   13:Contributors:
        -:   14:   Roger Light - initial implementation and documentation.
        -:   15:*/
        -:   16:
        -:   17:#include "config.h"
        -:   18:
        -:   19:#include <assert.h>
        -:   20:
        -:   21:#include "mosquitto_broker_internal.h"
        -:   22:#include "mqtt_protocol.h"
        -:   23:#include "memory_mosq.h"
        -:   24:#include "packet_mosq.h"
        -:   25:#include "property_mosq.h"
        -:   26:
        -:   27:
    #####:   28:int send__unsuback(struct mosquitto *mosq, uint16_t mid, int reason_code_count, uint8_t *reason_codes, const mosquitto_property *properties)
        -:   29:{
    #####:   30:	struct mosquitto__packet *packet = NULL;
        -:   31:	int rc;
        -:   32:	int proplen, varbytes;
        -:   33:
    #####:   34:	assert(mosq);
    #####:   35:	packet = mosquitto__calloc(1, sizeof(struct mosquitto__packet));
    #####:   36:	if(!packet) return MOSQ_ERR_NOMEM;
        -:   37:
    #####:   38:	packet->command = CMD_UNSUBACK;
    #####:   39:	packet->remaining_length = 2;
        -:   40:
    #####:   41:	if(mosq->protocol == mosq_p_mqtt5){
    #####:   42:		proplen = property__get_length_all(properties);
    #####:   43:		varbytes = packet__varint_bytes(proplen);
    #####:   44:		packet->remaining_length += varbytes + proplen + reason_code_count;
    #####:   45:	}
        -:   46:
    #####:   47:	rc = packet__alloc(packet);
    #####:   48:	if(rc){
    #####:   49:		mosquitto__free(packet);
    #####:   50:		return rc;
        -:   51:	}
        -:   52:
    #####:   53:	packet__write_uint16(packet, mid);
        -:   54:
    #####:   55:	if(mosq->protocol == mosq_p_mqtt5){
    #####:   56:		property__write_all(packet, properties, true);
    #####:   57:        packet__write_bytes(packet, reason_codes, reason_code_count);
    #####:   58:	}
        -:   59:
    #####:   60:	return packet__queue(mosq, packet);
    #####:   61:}
