        -:    0:Source:../lib/send_subscribe.c
        -:    0:Graph:send_subscribe.gcno
        -:    0:Data:-
        -:    0:Runs:0
        -:    0:Programs:0
        -:    1:/*
        -:    2:Copyright (c) 2009-2020 Roger Light <roger@atchoo.org>
        -:    3:
        -:    4:All rights reserved. This program and the accompanying materials
        -:    5:are made available under the terms of the Eclipse Public License v1.0
        -:    6:and Eclipse Distribution License v1.0 which accompany this distribution.
        -:    7:
        -:    8:The Eclipse Public License is available at
        -:    9:   http://www.eclipse.org/legal/epl-v10.html
        -:   10:and the Eclipse Distribution License is available at
        -:   11:  http://www.eclipse.org/org/documents/edl-v10.php.
        -:   12:
        -:   13:Contributors:
        -:   14:   Roger Light - initial implementation and documentation.
        -:   15:*/
        -:   16:
        -:   17:#include "config.h"
        -:   18:
        -:   19:#include <assert.h>
        -:   20:#include <string.h>
        -:   21:
        -:   22:#ifdef WITH_BROKER
        -:   23:#  include "mosquitto_broker_internal.h"
        -:   24:#endif
        -:   25:
        -:   26:#include "mosquitto.h"
        -:   27:#include "mosquitto_internal.h"
        -:   28:#include "logging_mosq.h"
        -:   29:#include "memory_mosq.h"
        -:   30:#include "mqtt_protocol.h"
        -:   31:#include "packet_mosq.h"
        -:   32:#include "property_mosq.h"
        -:   33:#include "util_mosq.h"
        -:   34:
        -:   35:
    #####:   36:int send__subscribe(struct mosquitto *mosq, int *mid, int topic_count, const char **topic, int topic_qos, const mosquitto_property *properties)
        -:   37:{
    #####:   38:	struct mosquitto__packet *packet = NULL;
        -:   39:	uint32_t packetlen;
        -:   40:	uint16_t local_mid;
        -:   41:	int rc;
        -:   42:	int i;
        -:   43:	int proplen, varbytes;
        -:   44:
    #####:   45:	assert(mosq);
    #####:   46:	assert(topic);
        -:   47:
    #####:   48:	packet = mosquitto__calloc(1, sizeof(struct mosquitto__packet));
    #####:   49:	if(!packet) return MOSQ_ERR_NOMEM;
        -:   50:
    #####:   51:	packetlen = 2;
    #####:   52:	if(mosq->protocol == mosq_p_mqtt5){
    #####:   53:		proplen = property__get_length_all(properties);
    #####:   54:		varbytes = packet__varint_bytes(proplen);
    #####:   55:		packetlen += proplen + varbytes;
    #####:   56:	}
    #####:   57:	for(i=0; i<topic_count; i++){
    #####:   58:		packetlen += 2+strlen(topic[i]) + 1;
    #####:   59:	}
        -:   60:
    #####:   61:	packet->command = CMD_SUBSCRIBE | (1<<1);
    #####:   62:	packet->remaining_length = packetlen;
    #####:   63:	rc = packet__alloc(packet);
    #####:   64:	if(rc){
    #####:   65:		mosquitto__free(packet);
    #####:   66:		return rc;
        -:   67:	}
        -:   68:
        -:   69:	/* Variable header */
    #####:   70:	local_mid = mosquitto__mid_generate(mosq);
    #####:   71:	if(mid) *mid = (int)local_mid;
    #####:   72:	packet__write_uint16(packet, local_mid);
        -:   73:
    #####:   74:	if(mosq->protocol == mosq_p_mqtt5){
    #####:   75:		property__write_all(packet, properties, true);
    #####:   76:	}
        -:   77:
        -:   78:	/* Payload */
    #####:   79:	for(i=0; i<topic_count; i++){
    #####:   80:		packet__write_string(packet, topic[i], strlen(topic[i]));
    #####:   81:		packet__write_byte(packet, topic_qos);
    #####:   82:	}
        -:   83:
        -:   84:#ifdef WITH_BROKER
        -:   85:# ifdef WITH_BRIDGE
        -:   86:	log__printf(mosq, MOSQ_LOG_DEBUG, "Bridge %s sending SUBSCRIBE (Mid: %d, Topic: %s, QoS: %d, Options: 0x%02x)", mosq->id, local_mid, topic[0], topic_qos&0x03, topic_qos&0xFC);
        -:   87:# endif
        -:   88:#else
        -:   89:	for(i=0; i<topic_count; i++){
        -:   90:		log__printf(mosq, MOSQ_LOG_DEBUG, "Client %s sending SUBSCRIBE (Mid: %d, Topic: %s, QoS: %d, Options: 0x%02x)", mosq->id, local_mid, topic[i], topic_qos&0x03, topic_qos&0xFC);
        -:   91:	}
        -:   92:#endif
        -:   93:
    #####:   94:	return packet__queue(mosq, packet);
    #####:   95:}
        -:   96:
